2024-08-31 23:19:41.250286629 [INFO] [stack_frames][11111120,1725117581250285, 281473311988880, 281473311741040, 281473311707480, 281473311981680, 281473311988040, 281473312041760]
2024-08-31 23:19:41.250289171 [INFO] [stack_frames][11111120,1725117581250286, 281473311988880, 281473311741040, 281473311707480, 281473311981680, 281473311988040, 281473312041760]
2024-08-31 23:19:41.250289921 [INFO] [stack_frames][11111120,1725117581250289, 281473311766400, 281473311741040, 281473311707480, 281473311981680, 281473311988040, 281473312041760]
2024-08-31 23:19:41.250292004 [INFO] [stack_frames][11111120,1725117581250289, 281473311766400, 281473311741040, 281473311707480, 281473311981680, 281473311988040, 281473312041760]
2024-08-31 23:19:41.250294004 [INFO] [stack_frames][11111120,1725117581250292, 281473311766400, 281473311741040, 281473311707480, 281473311981680, 281473311988040, 281473312041760]
2024-08-31 23:19:41.250295504 [INFO] [stack_frames][11111120,1725117581250294, 281473311878360, 281473311766400, 281473311741040, 281473311707480, 281473311981680, 281473311988040, 281473312041760]
2024-08-31 23:19:41.250296379 [INFO] [stack_frames][11111120,1725117581250295, 281473311766400, 281473311741040, 281473311707480, 281473311981680, 281473311988040, 281473312041760]
2024-08-31 23:19:41.250296962 [INFO] [stack_frames][11111120,1725117581250296, 281473311741040, 281473311707480, 281473311981680, 281473311988040, 281473312041760]
2024-08-31 23:19:41.250297629 [INFO] [stack_frames][11111120,1725117581250297, 281473311736640, 281473311741040, 281473311707480, 281473311981680, 281473311988040, 281473312041760]
2024-08-31 23:19:41.250298379 [INFO] [stack_frames][11111120,1725117581250297, 281473311736640, 281473311741040, 281473311707480, 281473311981680, 281473311988040, 281473312041760]
2024-08-31 23:19:41.250299004 [INFO] [stack_frames][11111120,1725117581250298, 281473311736640, 281473311741040, 281473311707480, 281473311981680, 281473311988040, 281473312041760]
2024-08-31 23:19:41.250299712 [INFO] [stack_frames][11111120,1725117581250299, 281473311765720, 281473311741040, 281473311707480, 281473311981680, 281473311988040, 281473312041760]
2024-08-31 23:19:41.250300462 [INFO] [stack_frames][11111120,1725117581250299, 281473311765720, 281473311741040, 281473311707480, 281473311981680, 281473311988040, 281473312041760]
2024-08-31 23:19:41.250302546 [INFO] [stack_frames][11111120,1725117581250300, 281473311765440, 281473311765720, 281473311741040, 281473311707480, 281473311981680, 281473311988040, 281473312041760]
2024-08-31 23:19:41.250303921 [INFO] [stack_frames][11111120,1725117581250302, 281473312034920, 281473311741040, 281473311707480, 281473311981680, 281473311988040, 281473312041760]
2024-08-31 23:19:41.250306337 [INFO] [stack_frames][11111120,1725117581250304, 281473312045480, 281473311455480, 281473311737360, 281473312034920, 281473311741040, 281473311707480, 281473311981680, 281473311988040, 281473312041760]
2024-08-31 23:19:41.250310004 [INFO] [stack_frames][11111120,1725117581250306, 281473312441680, 281473312441880, 281473312045480, 281473311455480, 281473311737360, 281473312034920, 281473311741040, 281473311707480, 281473311981680, 281473311988040, 281473312041760]
2024-08-31 23:19:41.250315046 [INFO] [stack_frames][11111120,1725117581250310, 281473311577960, 281473311991960, 281473311988000, 281473311991880, 281473312274800, 281473312441680, 281473312441880, 281473312045480, 281473311455480, 281473311737360, 281473312034920, 281473311741040, 281473311707480, 281473311981680, 281473311988040, 281473312041760]
2024-08-31 23:19:41.250317337 [INFO] [stack_frames][11111120,1725117581250315, 281473311988880, 281473311736680, 281473311741040, 281473311707480, 281473311981680, 281473311988040, 281473312041760]
2024-08-31 23:19:41.250318921 [INFO] [stack_frames][11111120,1725117581250317, 281473311763440, 281473311736680, 281473311741040, 281473311707480, 281473311981680, 281473311988040, 281473312041760]
2024-08-31 23:19:41.250322504 [INFO] [stack_frames][11111120,1725117581250319, 281473311763160, 281473311763440, 281473311736680, 281473311741040, 281473311707480, 281473311981680, 281473311988040, 281473312041760]
2024-08-31 23:19:41.250324754 [INFO] [stack_frames][11111120,1725117581250322, 281473311763160, 281473311763440, 281473311736680, 281473311741040, 281473311707480, 281473311981680, 281473311988040, 281473312041760]
2024-08-31 23:19:41.250326046 [INFO] [stack_frames][11111120,1725117581250325, 281473311736680, 281473311741040, 281473311707480, 281473311981680, 281473311988040, 281473312041760]
2024-08-31 23:19:41.250327046 [INFO] [stack_frames][11111120,1725117581250326, 281473311736680, 281473311741040, 281473311707480, 281473311981680, 281473311988040, 281473312041760]
2024-08-31 23:19:41.250329421 [INFO] [stack_frames][11111120,1725117581250327, 281473311736680, 281473311741040, 281473311707480, 281473311981680, 281473311988040, 281473312041760]
2024-08-31 23:19:41.250330337 [INFO] [stack_frames][11111120,1725117581250329, 281473312061160, 281473311735840, 281473311736680, 281473311741040, 281473311707480, 281473311981680, 281473311988040, 281473312041760]
2024-08-31 23:19:41.250331087 [INFO] [stack_frames][11111120,1725117581250330, 281473311735840, 281473311736680, 281473311741040, 281473311707480, 281473311981680, 281473311988040, 281473312041760]
2024-08-31 23:19:41.250332087 [INFO] [stack_frames][11111120,1725117581250331, 281473312093520, 281473311736360, 281473311735840, 281473311736680, 281473311741040, 281473311707480, 281473311981680, 281473311988040, 281473312041760]
2024-08-31 23:19:41.250333004 [INFO] [stack_frames][11111120,1725117581250332, 281473312093520, 281473311736360, 281473311735840, 281473311736680, 281473311741040, 281473311707480, 281473311981680, 281473311988040, 281473312041760]
2024-08-31 23:19:41.250333712 [INFO] [stack_frames][11111120,1725117581250333, 281473311741040, 281473311707480, 281473311981680, 281473311988040, 281473312041760]
2024-08-31 23:19:41.250334462 [INFO] [stack_frames][11111120,1725117581250333, 281473311989360, 281473311741040, 281473311707480, 281473311981680, 281473311988040, 281473312041760]
2024-08-31 23:19:41.250335171 [INFO] [stack_frames][11111120,1725117581250334, 281473311989360, 281473311741040, 281473311707480, 281473311981680, 281473311988040, 281473312041760]
2024-08-31 23:19:41.250335879 [INFO] [stack_frames][11111120,1725117581250335, 281473311989360, 281473311741040, 281473311707480, 281473311981680, 281473311988040, 281473312041760]
2024-08-31 23:19:41.250336629 [INFO] [stack_frames][11111120,1725117581250336, 281473311989360, 281473311741040, 281473311707480, 281473311981680, 281473311988040, 281473312041760]
2024-08-31 23:19:41.250337379 [INFO] [stack_frames][11111120,1725117581250336, 281473311989360, 281473311741040, 281473311707480, 281473311981680, 281473311988040, 281473312041760]
2024-08-31 23:19:41.250338212 [INFO] [stack_frames][11111120,1725117581250337, 281473311989360, 281473311741040, 281473311707480, 281473311981680, 281473311988040, 281473312041760]
2024-08-31 23:19:41.250338962 [INFO] [stack_frames][11111120,1725117581250338, 281473311989360, 281473311741040, 281473311707480, 281473311981680, 281473311988040, 281473312041760]
2024-08-31 23:19:41.250340587 [INFO] [stack_frames][11111120,1725117581250339, 281473311989360, 281473311741040, 281473311707480, 281473311981680, 281473311988040, 281473312041760]
2024-08-31 23:19:41.250343962 [INFO] [stack_frames][11111120,1725117581250340, 281473311989360, 281473311741040, 281473311707480, 281473311981680, 281473311988040, 281473312041760]
2024-08-31 23:19:41.250344837 [INFO] [stack_frames][11111120,1725117581250344, 281473311741040, 281473311707480, 281473311981680, 281473311988040, 281473312041760]
2024-08-31 23:19:41.250345629 [INFO] [stack_frames][11111120,1725117581250344, 281473369403360, 281473311707480, 281473311981680, 281473311988040, 281473312041760]
2024-08-31 23:19:41.250347754 [INFO] [stack_frames][11111120,1725117581250345, 281473369402840, 281473369403360, 281473311707480, 281473311981680, 281473311988040, 281473312041760]
2024-08-31 23:19:41.250349212 [INFO] [stack_frames][11111120,1725117581250348, 281473311707480, 281473311981680, 281473311988040, 281473312041760]
2024-08-31 23:19:41.250350087 [INFO] [stack_frames][11111120,1725117581250349, 281473311707480, 281473311981680, 281473311988040, 281473312041760]
2024-08-31 23:19:41.250350879 [INFO] [stack_frames][11111120,1725117581250350, 281473311707480, 281473311981680, 281473311988040, 281473312041760]
2024-08-31 23:19:41.250351671 [INFO] [stack_frames][11111120,1725117581250351, 281473311707480, 281473311981680, 281473311988040, 281473312041760]
2024-08-31 23:19:41.250352462 [INFO] [stack_frames][11111120,1725117581250351, 281473311707480, 281473311981680, 281473311988040, 281473312041760]
2024-08-31 23:19:41.250353421 [INFO] [stack_frames][11111120,1725117581250352, 281473311707480, 281473311981680, 281473311988040, 281473312041760]
2024-08-31 23:19:41.250354296 [INFO] [stack_frames][11111120,1725117581250353, 281473311707480, 281473311981680, 281473311988040, 281473312041760]
2024-08-31 23:19:41.250355004 [INFO] [stack_frames][11111120,1725117581250354, 281473311707480, 281473311981680, 281473311988040, 281473312041760]
2024-08-31 23:19:41.250355629 [INFO] [stack_frames][11111120,1725117581250355, 281473311707480, 281473311981680, 281473311988040, 281473312041760]
2024-08-31 23:19:41.250356254 [INFO] [stack_frames][11111120,1725117581250355, 281473311707480, 281473311981680, 281473311988040, 281473312041760]
2024-08-31 23:19:41.250356796 [INFO] [stack_frames][11111120,1725117581250356, 281473311707480, 281473311981680, 281473311988040, 281473312041760]
2024-08-31 23:19:41.250357379 [INFO] [stack_frames][11111120,1725117581250356, 281473311707480, 281473311981680, 281473311988040, 281473312041760]
2024-08-31 23:19:41.250357962 [INFO] [stack_frames][11111120,1725117581250357, 281473311707480, 281473311981680, 281473311988040, 281473312041760]
2024-08-31 23:19:41.250358462 [INFO] [stack_frames][11111120,1725117581250358, 281473311707480, 281473311981680, 281473311988040, 281473312041760]
2024-08-31 23:19:41.250359087 [INFO] [stack_frames][11111120,1725117581250358, 281473311707480, 281473311981680, 281473311988040, 281473312041760]
2024-08-31 23:19:41.250359671 [INFO] [stack_frames][11111120,1725117581250359, 281473311707480, 281473311981680, 281473311988040, 281473312041760]
2024-08-31 23:19:41.250360171 [INFO] [stack_frames][11111120,1725117581250359, 281473311707480, 281473311981680, 281473311988040, 281473312041760]
2024-08-31 23:19:41.250360712 [INFO] [stack_frames][11111120,1725117581250360, 281473311707480, 281473311981680, 281473311988040, 281473312041760]
2024-08-31 23:19:41.250361212 [INFO] [stack_frames][11111120,1725117581250360, 281473311707480, 281473311981680, 281473311988040, 281473312041760]
2024-08-31 23:19:41.250361754 [INFO] [stack_frames][11111120,1725117581250361, 281473311707480, 281473311981680, 281473311988040, 281473312041760]
2024-08-31 23:19:41.250362254 [INFO] [stack_frames][11111120,1725117581250361, 281473311707480, 281473311981680, 281473311988040, 281473312041760]
2024-08-31 23:19:41.250362837 [INFO] [stack_frames][11111120,1725117581250362, 281473311707480, 281473311981680, 281473311988040, 281473312041760]