2024-10-08 14:58:08.538472447 [INFO] [stack_frames][11111116,1728399488538470, 140279883185600, 140279604118320, 140279604131040, 140279604248480]
2024-10-08 14:58:08.538474916 [INFO] [stack_frames][11111116,1728399488538473, 140279604133000, 140279603842440, 140279883185600, 140279604118320, 140279604131040, 140279604248480]
2024-10-08 14:58:08.538477098 [INFO] [stack_frames][11111116,1728399488538475, 140279604133000, 140279603842440, 140279883185600, 140279604118320, 140279604131040, 140279604248480]
2024-10-08 14:58:08.538479893 [INFO] [stack_frames][11111116,1728399488538477, 140279604133000, 140279603842440, 140279883185600, 140279604118320, 140279604131040, 140279604248480]
2024-10-08 14:58:08.538482465 [INFO] [stack_frames][11111116,1728399488538480, 140279892214920, 140279604133000, 140279603842440, 140279883185600, 140279604118320, 140279604131040, 140279604248480]
2024-10-08 14:58:08.538484878 [INFO] [stack_frames][11111116,1728399488538483, 140279603864880, 140279603842440, 140279883185600, 140279604118320, 140279604131040, 140279604248480]
2024-10-08 14:58:08.538487091 [INFO] [stack_frames][11111116,1728399488538485, 140279603864880, 140279603842440, 140279883185600, 140279604118320, 140279604131040, 140279604248480]
2024-10-08 14:58:08.538489707 [INFO] [stack_frames][11111116,1728399488538487, 140279603945840, 140279603864880, 140279603842440, 140279883185600, 140279604118320, 140279604131040, 140279604248480]
2024-10-08 14:58:08.538492084 [INFO] [stack_frames][11111116,1728399488538490, 140279603945840, 140279603864880, 140279603842440, 140279883185600, 140279604118320, 140279604131040, 140279604248480]
2024-10-08 14:58:08.53849426 [INFO] [stack_frames][11111116,1728399488538492, 140279603864880, 140279603842440, 140279883185600, 140279604118320, 140279604131040, 140279604248480]
2024-10-08 14:58:08.538496507 [INFO] [stack_frames][11111116,1728399488538494, 140279603842440, 140279883185600, 140279604118320, 140279604131040, 140279604248480]
2024-10-08 14:58:08.538499074 [INFO] [stack_frames][11111116,1728399488538497, 140279603868040, 140279603842440, 140279883185600, 140279604118320, 140279604131040, 140279604248480]
2024-10-08 14:58:08.538501256 [INFO] [stack_frames][11111116,1728399488538499, 140279603842440, 140279883185600, 140279604118320, 140279604131040, 140279604248480]
2024-10-08 14:58:08.538504518 [INFO] [stack_frames][11111116,1728399488538501, 140279603863840, 140279603864040, 140279603842440, 140279883185600, 140279604118320, 140279604131040, 140279604248480]
2024-10-08 14:58:08.53850712 [INFO] [stack_frames][11111116,1728399488538505, 140279603842440, 140279883185600, 140279604118320, 140279604131040, 140279604248480]
2024-10-08 14:58:08.538510276 [INFO] [stack_frames][11111116,1728399488538507, 140279603868800, 140279604275720, 140279603842440, 140279883185600, 140279604118320, 140279604131040, 140279604248480]
2024-10-08 14:58:08.538513892 [INFO] [stack_frames][11111116,1728399488538510, 140279603448560, 140279883359280, 140279603527280, 140279603868800, 140279604275720, 140279603842440, 140279883185600, 140279604118320, 140279604131040, 140279604248480]
2024-10-08 14:58:08.538518863 [INFO] [stack_frames][11111116,1728399488538514, 140279882806880, 140279882745400, 140279603448520, 140279883359280, 140279603527280, 140279603868800, 140279604275720, 140279603842440, 140279883185600, 140279604118320, 140279604131040, 140279604248480]
2024-10-08 14:58:08.538522635 [INFO] [stack_frames][11111116,1728399488538519, 140279603327400, 140279603329880, 140279603396840, 140279603448400, 140279603448520, 140279883359280, 140279603527280, 140279603868800, 140279604275720, 140279603842440, 140279883185600, 140279604118320, 140279604131040, 140279604248480]
2024-10-08 14:58:08.538527433 [INFO] [stack_frames][11111116,1728399488538523, 140279882809120, 140279603330680, 140279603327400, 140279603329880, 140279603396840, 140279603448400, 140279603448520, 140279883359280, 140279603527280, 140279603868800, 140279604275720, 140279603842440, 140279883185600, 140279604118320, 140279604131040, 140279604248480]
2024-10-08 14:58:08.538532407 [INFO] [stack_frames][11111116,1728399488538527, 140279603444360, 140279603454640, 140279882744200, 140279603327400, 140279603329880, 140279603396840, 140279603448400, 140279603448520, 140279883359280, 140279603527280, 140279603868800, 140279604275720, 140279603842440, 140279883185600, 140279604118320, 140279604131040, 140279604248480]
2024-10-08 14:58:08.53853452 [INFO] [stack_frames][11111116,1728399488538532, 140279603842440, 140279883185600, 140279604118320, 140279604131040, 140279604248480]
2024-10-08 14:58:08.538536849 [INFO] [stack_frames][11111116,1728399488538535, 140279604133000, 140279603868080, 140279603842440, 140279883185600, 140279604118320, 140279604131040, 140279604248480]
2024-10-08 14:58:08.538539119 [INFO] [stack_frames][11111116,1728399488538537, 140279603868080, 140279603842440, 140279883185600, 140279604118320, 140279604131040, 140279604248480]
2024-10-08 14:58:08.538541394 [INFO] [stack_frames][11111116,1728399488538539, 140279603861480, 140279603868080, 140279603842440, 140279883185600, 140279604118320, 140279604131040, 140279604248480]
2024-10-08 14:58:08.538543747 [INFO] [stack_frames][11111116,1728399488538541, 140279603861480, 140279603868080, 140279603842440, 140279883185600, 140279604118320, 140279604131040, 140279604248480]
2024-10-08 14:58:08.538546514 [INFO] [stack_frames][11111116,1728399488538544, 140279603861160, 140279603861480, 140279603868080, 140279603842440, 140279883185600, 140279604118320, 140279604131040, 140279604248480]
2024-10-08 14:58:08.538549114 [INFO] [stack_frames][11111116,1728399488538547, 140279603861160, 140279603861480, 140279603868080, 140279603842440, 140279883185600, 140279604118320, 140279604131040, 140279604248480]
2024-10-08 14:58:08.538552052 [INFO] [stack_frames][11111116,1728399488538549, 140279603860880, 140279603861160, 140279603861480, 140279603868080, 140279603842440, 140279883185600, 140279604118320, 140279604131040, 140279604248480]
2024-10-08 14:58:08.538554092 [INFO] [stack_frames][11111116,1728399488538552, 140279603868080, 140279603842440, 140279883185600, 140279604118320, 140279604131040, 140279604248480]
2024-10-08 14:58:08.53855633 [INFO] [stack_frames][11111116,1728399488538554, 140279603868080, 140279603842440, 140279883185600, 140279604118320, 140279604131040, 140279604248480]
2024-10-08 14:58:08.538558565 [INFO] [stack_frames][11111116,1728399488538556, 140279604101200, 140279603868080, 140279603842440, 140279883185600, 140279604118320, 140279604131040, 140279604248480]
2024-10-08 14:58:08.538560918 [INFO] [stack_frames][11111116,1728399488538559, 140279603868080, 140279603842440, 140279883185600, 140279604118320, 140279604131040, 140279604248480]
2024-10-08 14:58:08.538563319 [INFO] [stack_frames][11111116,1728399488538561, 140279604311520, 140279603867200, 140279603868080, 140279603842440, 140279883185600, 140279604118320, 140279604131040, 140279604248480]
2024-10-08 14:58:08.538566234 [INFO] [stack_frames][11111116,1728399488538563, 140279882736400, 140279603867760, 140279603867200, 140279603868080, 140279603842440, 140279883185600, 140279604118320, 140279604131040, 140279604248480]
2024-10-08 14:58:08.538569163 [INFO] [stack_frames][11111116,1728399488538566, 140279882736400, 140279603867200, 140279604311720, 140279603842440, 140279883185600, 140279604118320, 140279604131040, 140279604248480]
2024-10-08 14:58:08.538571732 [INFO] [stack_frames][11111116,1728399488538570, 140279604133600, 140279603842440, 140279883185600, 140279604118320, 140279604131040, 140279604248480]
2024-10-08 14:58:08.538573869 [INFO] [stack_frames][11111116,1728399488538572, 140279603842440, 140279883185600, 140279604118320, 140279604131040, 140279604248480]
2024-10-08 14:58:08.538576204 [INFO] [stack_frames][11111116,1728399488538574, 140279892241960, 140279892242480, 140279883185600, 140279604118320, 140279604131040, 140279604248480]
2024-10-08 14:58:08.53857828 [INFO] [stack_frames][11111116,1728399488538576, 140279883185600, 140279604118320, 140279604131040, 140279604248480]
2024-10-08 14:58:08.538580179 [INFO] [stack_frames][11111116,1728399488538578, 140279883185600, 140279604118320, 140279604131040, 140279604248480]
2024-10-08 14:58:08.538581952 [INFO] [stack_frames][11111116,1728399488538580, 140279883185600, 140279604118320, 140279604131040, 140279604248480]
2024-10-08 14:58:08.538583871 [INFO] [stack_frames][11111116,1728399488538582, 140279883185600, 140279604118320, 140279604131040, 140279604248480]
2024-10-08 14:58:08.538585605 [INFO] [stack_frames][11111116,1728399488538584, 140279883185600, 140279604118320, 140279604131040, 140279604248480]
2024-10-08 14:58:08.538587589 [INFO] [stack_frames][11111116,1728399488538586, 140279883185600, 140279604118320, 140279604131040, 140279604248480]
2024-10-08 14:58:08.53858928 [INFO] [stack_frames][11111116,1728399488538588, 140279883185600, 140279604118320, 140279604131040, 140279604248480]
2024-10-08 14:58:08.538590917 [INFO] [stack_frames][11111116,1728399488538589, 140279883185600, 140279604118320, 140279604131040, 140279604248480]
2024-10-08 14:58:08.53859274 [INFO] [stack_frames][11111116,1728399488538591, 140279883185600, 140279604118320, 140279604131040, 140279604248480]
2024-10-08 14:58:08.538594398 [INFO] [stack_frames][11111116,1728399488538593, 140279883185600, 140279604118320, 140279604131040, 140279604248480]
2024-10-08 14:58:08.538596062 [INFO] [stack_frames][11111116,1728399488538594, 140279883185600, 140279604118320, 140279604131040, 140279604248480]
2024-10-08 14:58:08.538597874 [INFO] [stack_frames][11111116,1728399488538596, 140279883185600, 140279604118320, 140279604131040, 140279604248480]
2024-10-08 14:58:08.538599513 [INFO] [stack_frames][11111116,1728399488538598, 140279883185600, 140279604118320, 140279604131040, 140279604248480]
2024-10-08 14:58:08.53860133 [INFO] [stack_frames][11111116,1728399488538600, 140279883185600, 140279604118320, 140279604131040, 140279604248480]
2024-10-08 14:58:08.538602966 [INFO] [stack_frames][11111116,1728399488538601, 140279883185600, 140279604118320, 140279604131040, 140279604248480]
2024-10-08 14:58:08.538604721 [INFO] [stack_frames][11111116,1728399488538603, 140279883185600, 140279604118320, 140279604131040, 140279604248480]
2024-10-08 14:58:08.538606459 [INFO] [stack_frames][11111116,1728399488538605, 140279883185600, 140279604118320, 140279604131040, 140279604248480]
2024-10-08 14:58:08.538608165 [INFO] [stack_frames][11111116,1728399488538606, 140279883185600, 140279604118320, 140279604131040, 140279604248480]
2024-10-08 14:58:08.538609788 [INFO] [stack_frames][11111116,1728399488538608, 140279883185600, 140279604118320, 140279604131040, 140279604248480]
2024-10-08 14:58:08.538611512 [INFO] [stack_frames][11111116,1728399488538610, 140279883185600, 140279604118320, 140279604131040, 140279604248480]
2024-10-08 14:58:08.538613192 [INFO] [stack_frames][11111116,1728399488538612, 140279883185600, 140279604118320, 140279604131040, 140279604248480]
2024-10-08 14:58:08.538615148 [INFO] [stack_frames][11111116,1728399488538613, 140279883185600, 140279604118320, 140279604131040, 140279604248480]
2024-10-08 14:58:08.538618695 [INFO] [stack_frames][11111116,1728399488538616, 140279883185600, 140279604118320, 140279604131040, 140279604248480]
2024-10-08 14:58:08.538621525 [INFO] [stack_frames][11111116,1728399488538619, 140279883185600, 140279604118320, 140279604131040, 140279604248480]
2024-10-08 14:58:08.538624719 [INFO] [stack_frames][11111116,1728399488538622, 140279883185600, 140279604118320, 140279604131040, 140279604248480]
2024-10-08 14:58:08.538628294 [INFO] [stack_frames][11111116,1728399488538626, 140279883185600, 140279604118320, 140279604131040, 140279604248480]
2024-10-08 14:58:08.538630278 [INFO] [stack_frames][11111116,1728399488538628, 140279883185600, 140279604118320, 140279604131040, 140279604248480]
2024-10-08 14:58:08.538632394 [INFO] [stack_frames][11111116,1728399488538630, 140279883185600, 140279604118320, 140279604131040, 140279604248480]
2024-10-08 14:58:08.538634227 [INFO] [stack_frames][11111116,1728399488538632, 140279883185600, 140279604118320, 140279604131040, 140279604248480]
2024-10-08 14:58:08.538636131 [INFO] [stack_frames][11111116,1728399488538634, 140279883185600, 140279604118320, 140279604131040, 140279604248480]
2024-10-08 14:58:08.538637821 [INFO] [stack_frames][11111116,1728399488538636, 140279883185600, 140279604118320, 140279604131040, 140279604248480]
2024-10-08 14:58:08.538639636 [INFO] [stack_frames][11111116,1728399488538638, 140279883185600, 140279604118320, 140279604131040, 140279604248480]
2024-10-08 14:58:08.538641604 [INFO] [stack_frames][11111116,1728399488538640, 140279883185600, 140279604118320, 140279604131040, 140279604248480]
2024-10-08 14:58:08.538643323 [INFO] [stack_frames][11111116,1728399488538642, 140279883185600, 140279604118320, 140279604131040, 140279604248480]
2024-10-08 14:58:08.5386451 [INFO] [stack_frames][11111116,1728399488538643, 140279883185600, 140279604118320, 140279604131040, 140279604248480]
2024-10-08 14:58:08.538647018 [INFO] [stack_frames][11111116,1728399488538645, 140279883185600, 140279604118320, 140279604131040, 140279604248480]
2024-10-08 14:58:08.538648779 [INFO] [stack_frames][11111116,1728399488538647, 140279883185600, 140279604118320, 140279604131040, 140279604248480]
2024-10-08 14:58:08.538650688 [INFO] [stack_frames][11111116,1728399488538649, 140279883185600, 140279604118320, 140279604131040, 140279604248480]
2024-10-08 14:58:08.53865252 [INFO] [stack_frames][11111116,1728399488538651, 140279883185600, 140279604118320, 140279604131040, 140279604248480]
2024-10-08 14:58:08.538654371 [INFO] [stack_frames][11111116,1728399488538653, 140279883185600, 140279604118320, 140279604131040, 140279604248480]
2024-10-08 14:58:08.538656386 [INFO] [stack_frames][11111116,1728399488538654, 140279883185600, 140279604118320, 140279604131040, 140279604248480]
